# JRE version: Java(TM) SE Runtime Environment (8.0_241-b07) (build 1.8.0_241-b07)
# Java VM: Java HotSpot(TM) 64-Bit Server VM (25.241-b07 mixed mode windows-amd64 compressed oops)
Heap:
 PSYoungGen      total 262144K, used 56987K [0x00000000e0000000, 0x00000000f4f80000, 0x0000000100000000)
  eden space 235008K, 12% used [0x00000000e0000000,0x00000000e1d2d7b0,0x00000000ee580000)
  from space 27136K, 99% used [0x00000000ee580000,0x00000000efff94a0,0x00000000f0000000)
  to   space 36864K, 0% used [0x00000000f2b80000,0x00000000f2b80000,0x00000000f4f80000)
 ParOldGen       total 203776K, used 62106K [0x00000000a0000000, 0x00000000ac700000, 0x00000000e0000000)
  object space 203776K, 30% used [0x00000000a0000000,0x00000000a3ca6808,0x00000000ac700000)
 Metaspace       used 78140K, capacity 81978K, committed 82176K, reserved 1120256K
  class space    used 10694K, capacity 11469K, committed 11520K, reserved 1048576K
GC Heap History (10 events):
Event: 9.966 GC heap before
{Heap before GC invocations=12 (full 2):
 PSYoungGen      total 197120K, used 42250K [0x00000000e0000000, 0x00000000ee780000, 0x0000000100000000)
  eden space 182272K, 15% used [0x00000000e0000000,0x00000000e1ac3548,0x00000000eb200000)
  from space 14848K, 99% used [0x00000000eb200000,0x00000000ec07f320,0x00000000ec080000)
  to   space 19456K, 0% used [0x00000000ed480000,0x00000000ed480000,0x00000000ee780000)
 ParOldGen       total 140800K, used 26585K [0x00000000a0000000, 0x00000000a8980000, 0x00000000e0000000)
  object space 140800K, 18% used [0x00000000a0000000,0x00000000a19f67c0,0x00000000a8980000)
 Metaspace       used 56954K, capacity 58970K, committed 59008K, reserved 1099776K
  class space    used 8090K, capacity 8542K, committed 8576K, reserved 1048576K
Event: 9.977 GC heap after
Heap after GC invocations=12 (full 2):
 PSYoungGen      total 218624K, used 10938K [0x00000000e0000000, 0x00000000f0e00000, 0x0000000100000000)
  eden space 199168K, 0% used [0x00000000e0000000,0x00000000e0000000,0x00000000ec280000)
  from space 19456K, 56% used [0x00000000ed480000,0x00000000edf2e9c8,0x00000000ee780000)
  to   space 18432K, 0% used [0x00000000ec280000,0x00000000ec280000,0x00000000ed480000)
 ParOldGen       total 140800K, used 32118K [0x00000000a0000000, 0x00000000a8980000, 0x00000000e0000000)
  object space 140800K, 22% used [0x00000000a0000000,0x00000000a1f5d828,0x00000000a8980000)
 Metaspace       used 56954K, capacity 58970K, committed 59008K, reserved 1099776K
  class space    used 8090K, capacity 8542K, committed 8576K, reserved 1048576K
}
Event: 9.977 GC heap before
{Heap before GC invocations=13 (full 3):
 PSYoungGen      total 218624K, used 10938K [0x00000000e0000000, 0x00000000f0e00000, 0x0000000100000000)
  eden space 199168K, 0% used [0x00000000e0000000,0x00000000e0000000,0x00000000ec280000)
  from space 19456K, 56% used [0x00000000ed480000,0x00000000edf2e9c8,0x00000000ee780000)
  to   space 18432K, 0% used [0x00000000ec280000,0x00000000ec280000,0x00000000ed480000)
 ParOldGen       total 140800K, used 32118K [0x00000000a0000000, 0x00000000a8980000, 0x00000000e0000000)
  object space 140800K, 22% used [0x00000000a0000000,0x00000000a1f5d828,0x00000000a8980000)
 Metaspace       used 56954K, capacity 58970K, committed 59008K, reserved 1099776K
  class space    used 8090K, capacity 8542K, committed 8576K, reserved 1048576K
Event: 10.202 GC heap after
Heap after GC invocations=13 (full 3):
 PSYoungGen      total 218624K, used 0K [0x00000000e0000000, 0x00000000f0e00000, 0x0000000100000000)
  eden space 199168K, 0% used [0x00000000e0000000,0x00000000e0000000,0x00000000ec280000)
  from space 19456K, 0% used [0x00000000ed480000,0x00000000ed480000,0x00000000ee780000)
  to   space 18432K, 0% used [0x00000000ec280000,0x00000000ec280000,0x00000000ed480000)
 ParOldGen       total 203776K, used 31512K [0x00000000a0000000, 0x00000000ac700000, 0x00000000e0000000)
  object space 203776K, 15% used [0x00000000a0000000,0x00000000a1ec61c0,0x00000000ac700000)
 Metaspace       used 56925K, capacity 58874K, committed 59008K, reserved 1099776K
  class space    used 8081K, capacity 8526K, committed 8576K, reserved 1048576K
}
Event: 12.499 GC heap before
{Heap before GC invocations=14 (full 3):
 PSYoungGen      total 218624K, used 199168K [0x00000000e0000000, 0x00000000f0e00000, 0x0000000100000000)
  eden space 199168K, 100% used [0x00000000e0000000,0x00000000ec280000,0x00000000ec280000)
  from space 19456K, 0% used [0x00000000ed480000,0x00000000ed480000,0x00000000ee780000)
  to   space 18432K, 0% used [0x00000000ec280000,0x00000000ec280000,0x00000000ed480000)
 ParOldGen       total 203776K, used 31512K [0x00000000a0000000, 0x00000000ac700000, 0x00000000e0000000)
  object space 203776K, 15% used [0x00000000a0000000,0x00000000a1ec61c0,0x00000000ac700000)
 Metaspace       used 63963K, capacity 66836K, committed 67072K, reserved 1105920K
  class space    used 9101K, capacity 9681K, committed 9728K, reserved 1048576K
Event: 12.512 GC heap after
Heap after GC invocations=14 (full 3):
 PSYoungGen      total 217600K, used 15995K [0x00000000e0000000, 0x00000000f1380000, 0x0000000100000000)
  eden space 199168K, 0% used [0x00000000e0000000,0x00000000e0000000,0x00000000ec280000)
  from space 18432K, 86% used [0x00000000ec280000,0x00000000ed21ec28,0x00000000ed480000)
  to   space 19968K, 0% used [0x00000000f0000000,0x00000000f0000000,0x00000000f1380000)
 ParOldGen       total 203776K, used 31520K [0x00000000a0000000, 0x00000000ac700000, 0x00000000e0000000)
  object space 203776K, 15% used [0x00000000a0000000,0x00000000a1ec81c0,0x00000000ac700000)
 Metaspace       used 63963K, capacity 66836K, committed 67072K, reserved 1105920K
  class space    used 9101K, capacity 9681K, committed 9728K, reserved 1048576K
}
Event: 31.694 GC heap before
{Heap before GC invocations=15 (full 3):
 PSYoungGen      total 217600K, used 215163K [0x00000000e0000000, 0x00000000f1380000, 0x0000000100000000)
  eden space 199168K, 100% used [0x00000000e0000000,0x00000000ec280000,0x00000000ec280000)
  from space 18432K, 86% used [0x00000000ec280000,0x00000000ed21ec28,0x00000000ed480000)
  to   space 19968K, 0% used [0x00000000f0000000,0x00000000f0000000,0x00000000f1380000)
 ParOldGen       total 203776K, used 31520K [0x00000000a0000000, 0x00000000ac700000, 0x00000000e0000000)
  object space 203776K, 15% used [0x00000000a0000000,0x00000000a1ec81c0,0x00000000ac700000)
 Metaspace       used 71441K, capacity 75024K, committed 75136K, reserved 1114112K
  class space    used 9843K, capacity 10578K, committed 10624K, reserved 1048576K
Event: 31.735 GC heap after
Heap after GC invocations=15 (full 3):
 PSYoungGen      total 254976K, used 19945K [0x00000000e0000000, 0x00000000f1b00000, 0x0000000100000000)
  eden space 235008K, 0% used [0x00000000e0000000,0x00000000e0000000,0x00000000ee580000)
  from space 19968K, 99% used [0x00000000f0000000,0x00000000f137a618,0x00000000f1380000)
  to   space 27136K, 0% used [0x00000000ee580000,0x00000000ee580000,0x00000000f0000000)
 ParOldGen       total 203776K, used 45067K [0x00000000a0000000, 0x00000000ac700000, 0x00000000e0000000)
  object space 203776K, 22% used [0x00000000a0000000,0x00000000a2c02f40,0x00000000ac700000)
 Metaspace       used 71441K, capacity 75024K, committed 75136K, reserved 1114112K
  class space    used 9843K, capacity 10578K, committed 10624K, reserved 1048576K
}
Event: 176.649 GC heap before
{Heap before GC invocations=16 (full 3):
 PSYoungGen      total 254976K, used 254953K [0x00000000e0000000, 0x00000000f1b00000, 0x0000000100000000)
  eden space 235008K, 100% used [0x00000000e0000000,0x00000000ee580000,0x00000000ee580000)
  from space 19968K, 99% used [0x00000000f0000000,0x00000000f137a618,0x00000000f1380000)
  to   space 27136K, 0% used [0x00000000ee580000,0x00000000ee580000,0x00000000f0000000)
 ParOldGen       total 203776K, used 45067K [0x00000000a0000000, 0x00000000ac700000, 0x00000000e0000000)
  object space 203776K, 22% used [0x00000000a0000000,0x00000000a2c02f40,0x00000000ac700000)
 Metaspace       used 77982K, capacity 81752K, committed 81920K, reserved 1120256K
  class space    used 10691K, capacity 11464K, committed 11520K, reserved 1048576K
Event: 176.686 GC heap after
Heap after GC invocations=16 (full 3):
 PSYoungGen      total 262144K, used 27109K [0x00000000e0000000, 0x00000000f4f80000, 0x0000000100000000)
  eden space 235008K, 0% used [0x00000000e0000000,0x00000000e0000000,0x00000000ee580000)
  from space 27136K, 99% used [0x00000000ee580000,0x00000000efff94a0,0x00000000f0000000)
  to   space 36864K, 0% used [0x00000000f2b80000,0x00000000f2b80000,0x00000000f4f80000)
 ParOldGen       total 203776K, used 62106K [0x00000000a0000000, 0x00000000ac700000, 0x00000000e0000000)
  object space 203776K, 30% used [0x00000000a0000000,0x00000000a3ca6808,0x00000000ac700000)
 Metaspace       used 77982K, capacity 81752K, committed 81920K, reserved 1120256K
  class space    used 10691K, capacity 11464K, committed 11520K, reserved 1048576K
}

