# JRE version: Java(TM) SE Runtime Environment 18.9 (11.0.16+11) (build 11.0.16+11-LTS-199)
# Java VM: Java HotSpot(TM) 64-Bit Server VM 18.9 (11.0.16+11-LTS-199, mixed mode, tiered, compressed oops, g1 gc, windows-amd64)
Heap:
 garbage-first heap   total 258048K, used 206911K [0x00000000a0000000, 0x0000000100000000)
  region size 1024K, 42 young (43008K), 5 survivors (5120K)
 Metaspace       used 114233K, capacity 117585K, committed 118144K, reserved 1150976K
  class space    used 14639K, capacity 15958K, committed 16256K, reserved 1048576K
GC Heap History (10 events):
Event: 1237.964 GC heap before
{Heap before GC invocations=52 (full 0):
 garbage-first heap   total 258048K, used 158276K [0x00000000a0000000, 0x0000000100000000)
  region size 1024K, 12 young (12288K), 2 survivors (2048K)
 Metaspace       used 114190K, capacity 117504K, committed 118144K, reserved 1150976K
  class space    used 14637K, capacity 15955K, committed 16256K, reserved 1048576K
}
Event: 1237.973 GC heap after
{Heap after GC invocations=53 (full 0):
 garbage-first heap   total 258048K, used 149465K [0x00000000a0000000, 0x0000000100000000)
  region size 1024K, 2 young (2048K), 2 survivors (2048K)
 Metaspace       used 114190K, capacity 117504K, committed 118144K, reserved 1150976K
  class space    used 14637K, capacity 15955K, committed 16256K, reserved 1048576K
}
Event: 1238.030 GC heap before
{Heap before GC invocations=53 (full 0):
 garbage-first heap   total 258048K, used 158681K [0x00000000a0000000, 0x0000000100000000)
  region size 1024K, 12 young (12288K), 2 survivors (2048K)
 Metaspace       used 114192K, capacity 117504K, committed 118144K, reserved 1150976K
  class space    used 14637K, capacity 15955K, committed 16256K, reserved 1048576K
}
Event: 1238.035 GC heap after
{Heap after GC invocations=54 (full 0):
 garbage-first heap   total 258048K, used 150489K [0x00000000a0000000, 0x0000000100000000)
  region size 1024K, 3 young (3072K), 3 survivors (3072K)
 Metaspace       used 114192K, capacity 117504K, committed 118144K, reserved 1150976K
  class space    used 14637K, capacity 15955K, committed 16256K, reserved 1048576K
}
Event: 1238.527 GC heap before
{Heap before GC invocations=55 (full 0):
 garbage-first heap   total 258048K, used 189401K [0x00000000a0000000, 0x0000000100000000)
  region size 1024K, 42 young (43008K), 3 survivors (3072K)
 Metaspace       used 114204K, capacity 117512K, committed 118144K, reserved 1150976K
  class space    used 14637K, capacity 15955K, committed 16256K, reserved 1048576K
}
Event: 1238.539 GC heap after
{Heap after GC invocations=56 (full 0):
 garbage-first heap   total 258048K, used 155136K [0x00000000a0000000, 0x0000000100000000)
  region size 1024K, 6 young (6144K), 6 survivors (6144K)
 Metaspace       used 114204K, capacity 117512K, committed 118144K, reserved 1150976K
  class space    used 14637K, capacity 15955K, committed 16256K, reserved 1048576K
}
Event: 1238.545 GC heap before
{Heap before GC invocations=56 (full 0):
 garbage-first heap   total 258048K, used 161280K [0x00000000a0000000, 0x0000000100000000)
  region size 1024K, 12 young (12288K), 6 survivors (6144K)
 Metaspace       used 114204K, capacity 117512K, committed 118144K, reserved 1150976K
  class space    used 14637K, capacity 15955K, committed 16256K, reserved 1048576K
}
Event: 1238.561 GC heap after
{Heap after GC invocations=57 (full 0):
 garbage-first heap   total 258048K, used 149076K [0x00000000a0000000, 0x0000000100000000)
  region size 1024K, 2 young (2048K), 2 survivors (2048K)
 Metaspace       used 114204K, capacity 117512K, committed 118144K, reserved 1150976K
  class space    used 14637K, capacity 15955K, committed 16256K, reserved 1048576K
}
Event: 1238.582 GC heap before
{Heap before GC invocations=57 (full 0):
 garbage-first heap   total 258048K, used 167508K [0x00000000a0000000, 0x0000000100000000)
  region size 1024K, 21 young (21504K), 2 survivors (2048K)
 Metaspace       used 114204K, capacity 117512K, committed 118144K, reserved 1150976K
  class space    used 14637K, capacity 15955K, committed 16256K, reserved 1048576K
}
Event: 1238.590 GC heap after
{Heap after GC invocations=58 (full 0):
 garbage-first heap   total 258048K, used 152639K [0x00000000a0000000, 0x0000000100000000)
  region size 1024K, 5 young (5120K), 5 survivors (5120K)
 Metaspace       used 114204K, capacity 117512K, committed 118144K, reserved 1150976K
  class space    used 14637K, capacity 15955K, committed 16256K, reserved 1048576K
}

