# JRE version: Java(TM) SE Runtime Environment 18.9 (11.0.16+11) (build 11.0.16+11-LTS-199)
# Java VM: Java HotSpot(TM) 64-Bit Server VM 18.9 (11.0.16+11-LTS-199, mixed mode, tiered, compressed oops, g1 gc, windows-amd64)
Heap:
 garbage-first heap   total 282624K, used 204983K [0x00000000a0000000, 0x0000000100000000)
  region size 1024K, 44 young (45056K), 4 survivors (4096K)
 Metaspace       used 114330K, capacity 117595K, committed 117932K, reserved 1150976K
  class space    used 14678K, capacity 15915K, committed 16128K, reserved 1048576K
GC Heap History (10 events):
Event: 4467.513 GC heap before
{Heap before GC invocations=31 (full 0):
 garbage-first heap   total 282624K, used 198887K [0x00000000a0000000, 0x0000000100000000)
  region size 1024K, 91 young (93184K), 2 survivors (2048K)
 Metaspace       used 114249K, capacity 117572K, committed 117932K, reserved 1150976K
  class space    used 14678K, capacity 15916K, committed 16128K, reserved 1048576K
}
Event: 4467.540 GC heap after
{Heap after GC invocations=32 (full 0):
 garbage-first heap   total 282624K, used 140060K [0x00000000a0000000, 0x0000000100000000)
  region size 1024K, 12 young (12288K), 12 survivors (12288K)
 Metaspace       used 114249K, capacity 117572K, committed 117932K, reserved 1150976K
  class space    used 14678K, capacity 15916K, committed 16128K, reserved 1048576K
}
Event: 4467.628 GC heap before
{Heap before GC invocations=32 (full 0):
 garbage-first heap   total 282624K, used 150300K [0x00000000a0000000, 0x0000000100000000)
  region size 1024K, 23 young (23552K), 12 survivors (12288K)
 Metaspace       used 114255K, capacity 117572K, committed 117932K, reserved 1150976K
  class space    used 14678K, capacity 15916K, committed 16128K, reserved 1048576K
}
Event: 4467.650 GC heap after
{Heap after GC invocations=33 (full 0):
 garbage-first heap   total 282624K, used 143455K [0x00000000a0000000, 0x0000000100000000)
  region size 1024K, 3 young (3072K), 3 survivors (3072K)
 Metaspace       used 114255K, capacity 117572K, committed 117932K, reserved 1150976K
  class space    used 14678K, capacity 15916K, committed 16128K, reserved 1048576K
}
Event: 4468.125 GC heap before
{Heap before GC invocations=34 (full 0):
 garbage-first heap   total 282624K, used 196703K [0x00000000a0000000, 0x0000000100000000)
  region size 1024K, 55 young (56320K), 3 survivors (3072K)
 Metaspace       used 114265K, capacity 117569K, committed 117932K, reserved 1150976K
  class space    used 14677K, capacity 15915K, committed 16128K, reserved 1048576K
}
Event: 4468.140 GC heap after
{Heap after GC invocations=35 (full 0):
 garbage-first heap   total 282624K, used 152184K [0x00000000a0000000, 0x0000000100000000)
  region size 1024K, 7 young (7168K), 7 survivors (7168K)
 Metaspace       used 114265K, capacity 117569K, committed 117932K, reserved 1150976K
  class space    used 14677K, capacity 15915K, committed 16128K, reserved 1048576K
}
Event: 4468.149 GC heap before
{Heap before GC invocations=35 (full 0):
 garbage-first heap   total 282624K, used 157304K [0x00000000a0000000, 0x0000000100000000)
  region size 1024K, 13 young (13312K), 7 survivors (7168K)
 Metaspace       used 114265K, capacity 117569K, committed 117932K, reserved 1150976K
  class space    used 14677K, capacity 15915K, committed 16128K, reserved 1048576K
}
Event: 4468.162 GC heap after
{Heap after GC invocations=36 (full 0):
 garbage-first heap   total 282624K, used 148027K [0x00000000a0000000, 0x0000000100000000)
  region size 1024K, 2 young (2048K), 2 survivors (2048K)
 Metaspace       used 114265K, capacity 117569K, committed 117932K, reserved 1150976K
  class space    used 14677K, capacity 15915K, committed 16128K, reserved 1048576K
}
Event: 4468.173 GC heap before
{Heap before GC invocations=36 (full 0):
 garbage-first heap   total 282624K, used 156219K [0x00000000a0000000, 0x0000000100000000)
  region size 1024K, 11 young (11264K), 2 survivors (2048K)
 Metaspace       used 114265K, capacity 117569K, committed 117932K, reserved 1150976K
  class space    used 14677K, capacity 15915K, committed 16128K, reserved 1048576K
}
Event: 4468.180 GC heap after
{Heap after GC invocations=37 (full 0):
 garbage-first heap   total 282624K, used 149687K [0x00000000a0000000, 0x0000000100000000)
  region size 1024K, 4 young (4096K), 4 survivors (4096K)
 Metaspace       used 114265K, capacity 117569K, committed 117932K, reserved 1150976K
  class space    used 14677K, capacity 15915K, committed 16128K, reserved 1048576K
}

