# JRE version: Java(TM) SE Runtime Environment (8.0_241-b07) (build 1.8.0_241-b07)
# Java VM: Java HotSpot(TM) 64-Bit Server VM (25.241-b07 mixed mode windows-amd64 compressed oops)
Heap:
 PSYoungGen      total 211968K, used 166833K [0x00000000e0000000, 0x00000000f0f00000, 0x0000000100000000)
  eden space 197120K, 84% used [0x00000000e0000000,0x00000000ea2ec788,0x00000000ec080000)
  from space 14848K, 0% used [0x00000000ec080000,0x00000000ec080000,0x00000000ecf00000)
  to   space 20992K, 0% used [0x00000000efa80000,0x00000000efa80000,0x00000000f0f00000)
 ParOldGen       total 190464K, used 37905K [0x00000000a0000000, 0x00000000aba00000, 0x00000000e0000000)
  object space 190464K, 19% used [0x00000000a0000000,0x00000000a2504418,0x00000000aba00000)
 Metaspace       used 60390K, capacity 62950K, committed 63104K, reserved 1103872K
  class space    used 8521K, capacity 9048K, committed 9088K, reserved 1048576K
GC Heap History (10 events):
Event: 6.587 GC heap before
{Heap before GC invocations=8 (full 1):
 PSYoungGen      total 125952K, used 61561K [0x00000000e0000000, 0x00000000e8880000, 0x0000000100000000)
  eden space 115200K, 45% used [0x00000000e0000000,0x00000000e33a5088,0x00000000e7080000)
  from space 10752K, 80% used [0x00000000e7e00000,0x00000000e8679588,0x00000000e8880000)
  to   space 12288K, 0% used [0x00000000e7080000,0x00000000e7080000,0x00000000e7c80000)
 ParOldGen       total 83456K, used 7067K [0x00000000a0000000, 0x00000000a5180000, 0x00000000e0000000)
  object space 83456K, 8% used [0x00000000a0000000,0x00000000a06e6dc0,0x00000000a5180000)
 Metaspace       used 34633K, capacity 35380K, committed 35416K, reserved 1079296K
  class space    used 4864K, capacity 5091K, committed 5120K, reserved 1048576K
Event: 6.598 GC heap after
Heap after GC invocations=8 (full 1):
 PSYoungGen      total 127488K, used 9202K [0x00000000e0000000, 0x00000000edd80000, 0x0000000100000000)
  eden space 115200K, 0% used [0x00000000e0000000,0x00000000e0000000,0x00000000e7080000)
  from space 12288K, 74% used [0x00000000e7080000,0x00000000e797cb28,0x00000000e7c80000)
  to   space 11776K, 0% used [0x00000000ed200000,0x00000000ed200000,0x00000000edd80000)
 ParOldGen       total 83456K, used 7075K [0x00000000a0000000, 0x00000000a5180000, 0x00000000e0000000)
  object space 83456K, 8% used [0x00000000a0000000,0x00000000a06e8dc0,0x00000000a5180000)
 Metaspace       used 34633K, capacity 35380K, committed 35416K, reserved 1079296K
  class space    used 4864K, capacity 5091K, committed 5120K, reserved 1048576K
}
Event: 6.598 GC heap before
{Heap before GC invocations=9 (full 2):
 PSYoungGen      total 127488K, used 9202K [0x00000000e0000000, 0x00000000edd80000, 0x0000000100000000)
  eden space 115200K, 0% used [0x00000000e0000000,0x00000000e0000000,0x00000000e7080000)
  from space 12288K, 74% used [0x00000000e7080000,0x00000000e797cb28,0x00000000e7c80000)
  to   space 11776K, 0% used [0x00000000ed200000,0x00000000ed200000,0x00000000edd80000)
 ParOldGen       total 83456K, used 7075K [0x00000000a0000000, 0x00000000a5180000, 0x00000000e0000000)
  object space 83456K, 8% used [0x00000000a0000000,0x00000000a06e8dc0,0x00000000a5180000)
 Metaspace       used 34633K, capacity 35380K, committed 35416K, reserved 1079296K
  class space    used 4864K, capacity 5091K, committed 5120K, reserved 1048576K
Event: 6.652 GC heap after
Heap after GC invocations=9 (full 2):
 PSYoungGen      total 127488K, used 0K [0x00000000e0000000, 0x00000000edd80000, 0x0000000100000000)
  eden space 115200K, 0% used [0x00000000e0000000,0x00000000e0000000,0x00000000e7080000)
  from space 12288K, 0% used [0x00000000e7080000,0x00000000e7080000,0x00000000e7c80000)
  to   space 11776K, 0% used [0x00000000ed200000,0x00000000ed200000,0x00000000edd80000)
 ParOldGen       total 122880K, used 15668K [0x00000000a0000000, 0x00000000a7800000, 0x00000000e0000000)
  object space 122880K, 12% used [0x00000000a0000000,0x00000000a0f4d140,0x00000000a7800000)
 Metaspace       used 34610K, capacity 35302K, committed 35416K, reserved 1079296K
  class space    used 4856K, capacity 5078K, committed 5120K, reserved 1048576K
}
Event: 8.255 GC heap before
{Heap before GC invocations=10 (full 2):
 PSYoungGen      total 127488K, used 115200K [0x00000000e0000000, 0x00000000edd80000, 0x0000000100000000)
  eden space 115200K, 100% used [0x00000000e0000000,0x00000000e7080000,0x00000000e7080000)
  from space 12288K, 0% used [0x00000000e7080000,0x00000000e7080000,0x00000000e7c80000)
  to   space 11776K, 0% used [0x00000000ed200000,0x00000000ed200000,0x00000000edd80000)
 ParOldGen       total 122880K, used 15668K [0x00000000a0000000, 0x00000000a7800000, 0x00000000e0000000)
  object space 122880K, 12% used [0x00000000a0000000,0x00000000a0f4d140,0x00000000a7800000)
 Metaspace       used 45329K, capacity 46354K, committed 46464K, reserved 1089536K
  class space    used 6229K, capacity 6511K, committed 6528K, reserved 1048576K
Event: 8.270 GC heap after
Heap after GC invocations=10 (full 2):
 PSYoungGen      total 190976K, used 11747K [0x00000000e0000000, 0x00000000edd80000, 0x0000000100000000)
  eden space 179200K, 0% used [0x00000000e0000000,0x00000000e0000000,0x00000000eaf00000)
  from space 11776K, 99% used [0x00000000ed200000,0x00000000edd78ff8,0x00000000edd80000)
  to   space 14848K, 0% used [0x00000000ec080000,0x00000000ec080000,0x00000000ecf00000)
 ParOldGen       total 122880K, used 20364K [0x00000000a0000000, 0x00000000a7800000, 0x00000000e0000000)
  object space 122880K, 16% used [0x00000000a0000000,0x00000000a13e3308,0x00000000a7800000)
 Metaspace       used 45329K, capacity 46354K, committed 46464K, reserved 1089536K
  class space    used 6229K, capacity 6511K, committed 6528K, reserved 1048576K
}
Event: 10.404 GC heap before
{Heap before GC invocations=11 (full 2):
 PSYoungGen      total 190976K, used 170096K [0x00000000e0000000, 0x00000000edd80000, 0x0000000100000000)
  eden space 179200K, 88% used [0x00000000e0000000,0x00000000e9aa3360,0x00000000eaf00000)
  from space 11776K, 99% used [0x00000000ed200000,0x00000000edd78ff8,0x00000000edd80000)
  to   space 14848K, 0% used [0x00000000ec080000,0x00000000ec080000,0x00000000ecf00000)
 ParOldGen       total 122880K, used 20364K [0x00000000a0000000, 0x00000000a7800000, 0x00000000e0000000)
  object space 122880K, 16% used [0x00000000a0000000,0x00000000a13e3308,0x00000000a7800000)
 Metaspace       used 57124K, capacity 58884K, committed 59008K, reserved 1099776K
  class space    used 8044K, capacity 8455K, committed 8576K, reserved 1048576K
Event: 10.426 GC heap after
Heap after GC invocations=11 (full 2):
 PSYoungGen      total 211968K, used 14837K [0x00000000e0000000, 0x00000000f0f00000, 0x0000000100000000)
  eden space 197120K, 0% used [0x00000000e0000000,0x00000000e0000000,0x00000000ec080000)
  from space 14848K, 99% used [0x00000000ec080000,0x00000000ecefd790,0x00000000ecf00000)
  to   space 20992K, 0% used [0x00000000efa80000,0x00000000efa80000,0x00000000f0f00000)
 ParOldGen       total 122880K, used 30756K [0x00000000a0000000, 0x00000000a7800000, 0x00000000e0000000)
  object space 122880K, 25% used [0x00000000a0000000,0x00000000a1e092b8,0x00000000a7800000)
 Metaspace       used 57124K, capacity 58884K, committed 59008K, reserved 1099776K
  class space    used 8044K, capacity 8455K, committed 8576K, reserved 1048576K
}
Event: 10.426 GC heap before
{Heap before GC invocations=12 (full 3):
 PSYoungGen      total 211968K, used 14837K [0x00000000e0000000, 0x00000000f0f00000, 0x0000000100000000)
  eden space 197120K, 0% used [0x00000000e0000000,0x00000000e0000000,0x00000000ec080000)
  from space 14848K, 99% used [0x00000000ec080000,0x00000000ecefd790,0x00000000ecf00000)
  to   space 20992K, 0% used [0x00000000efa80000,0x00000000efa80000,0x00000000f0f00000)
 ParOldGen       total 122880K, used 30756K [0x00000000a0000000, 0x00000000a7800000, 0x00000000e0000000)
  object space 122880K, 25% used [0x00000000a0000000,0x00000000a1e092b8,0x00000000a7800000)
 Metaspace       used 57124K, capacity 58884K, committed 59008K, reserved 1099776K
  class space    used 8044K, capacity 8455K, committed 8576K, reserved 1048576K
Event: 10.648 GC heap after
Heap after GC invocations=12 (full 3):
 PSYoungGen      total 211968K, used 0K [0x00000000e0000000, 0x00000000f0f00000, 0x0000000100000000)
  eden space 197120K, 0% used [0x00000000e0000000,0x00000000e0000000,0x00000000ec080000)
  from space 14848K, 0% used [0x00000000ec080000,0x00000000ec080000,0x00000000ecf00000)
  to   space 20992K, 0% used [0x00000000efa80000,0x00000000efa80000,0x00000000f0f00000)
 ParOldGen       total 190464K, used 37905K [0x00000000a0000000, 0x00000000aba00000, 0x00000000e0000000)
  object space 190464K, 19% used [0x00000000a0000000,0x00000000a2504418,0x00000000aba00000)
 Metaspace       used 57124K, capacity 58884K, committed 59008K, reserved 1099776K
  class space    used 8044K, capacity 8455K, committed 8576K, reserved 1048576K
}

